<?xml version="1.0" encoding="UTF-8"?>
<testng-results ignored="0" total="1" passed="1" failed="0" skipped="0">
  <reporter-output>
  </reporter-output>
  <suite started-at="2024-12-31T11:21:18 IST" name="Default suite" finished-at="2024-12-31T11:21:45 IST" duration-ms="26968">
    <groups>
    </groups>
    <test started-at="2024-12-31T11:21:18 IST" name="Default test" finished-at="2024-12-31T11:21:45 IST" duration-ms="26968">
      <class name="com.bank.tests.RegistrationTest">
        <test-method is-config="true" signature="setup()[pri:0, instance:com.bank.tests.RegistrationTest@3e694b3f]" started-at="2024-12-31T11:21:18 IST" name="setup" finished-at="2024-12-31T11:21:33 IST" duration-ms="15402" status="PASS">
          <reporter-output>
          </reporter-output>
        </test-method> <!-- setup -->
        <test-method signature="registration_Test()[pri:0, instance:com.bank.tests.RegistrationTest@3e694b3f]" started-at="2024-12-31T11:21:33 IST" name="registration_Test" finished-at="2024-12-31T11:21:41 IST" duration-ms="8010" status="PASS">
          <reporter-output>
          </reporter-output>
        </test-method> <!-- registration_Test -->
        <test-method is-config="true" signature="tear_down()[pri:0, instance:com.bank.tests.RegistrationTest@3e694b3f]" started-at="2024-12-31T11:21:41 IST" name="tear_down" finished-at="2024-12-31T11:21:45 IST" duration-ms="3527" status="PASS">
          <reporter-output>
          </reporter-output>
        </test-method> <!-- tear_down -->
      </class> <!-- com.bank.tests.RegistrationTest -->
    </test> <!-- Default test -->
  </suite> <!-- Default suite -->
</testng-results>
